/home/elt/ros2_ws_copy/install/ros_project/lib/python3.12/site-packages/ros_project/__init__.py
/home/elt/ros2_ws_copy/install/ros_project/lib/python3.12/site-packages/ros_project/__pycache__/__init__.cpython-312.pyc
/home/elt/ros2_ws_copy/install/ros_project/share/ament_index/resource_index/packages/ros_project
/home/elt/ros2_ws_copy/install/ros_project/share/ros_project/package.xml
/home/elt/ros2_ws_copy/install/ros_project/share/ros_project/launch/view_robot.launch.py
/home/elt/ros2_ws_copy/install/ros_project/share/ros_project/rviz/robot2.rviz
/home/elt/ros2_ws_copy/install/ros_project/share/ros_project/rviz/robot_ros1_backup.rviz
/home/elt/ros2_ws_copy/install/ros_project/share/ros_project/rviz/robot.rviz
/home/elt/ros2_ws_copy/install/ros_project/share/ros_project/urdf/macros.xacro
/home/elt/ros2_ws_copy/install/ros_project/share/ros_project/urdf/my_robots_super_model.xacro
/home/elt/ros2_ws_copy/install/ros_project/share/ros_project/urdf/materials.xacro
/home/elt/ros2_ws_copy/install/ros_project/share/ros_project/urdf/wheel.xacro
/home/elt/ros2_ws_copy/install/ros_project/share/ros_project/urdf/quad_drive_robot.gazebo.xacro
/home/elt/ros2_ws_copy/install/ros_project/share/ros_project/urdf/inertial.urdf.xacro
/home/elt/ros2_ws_copy/install/ros_project/share/ros_project/urdf/manipulator.xacro
/home/elt/ros2_ws_copy/install/ros_project/share/ros_project/urdf/quad_drive_robot.urdf.xacro
/home/elt/ros2_ws_copy/install/ros_project/lib/python3.12/site-packages/ros_project-0.0.0-py3.12.egg-info/requires.txt
/home/elt/ros2_ws_copy/install/ros_project/lib/python3.12/site-packages/ros_project-0.0.0-py3.12.egg-info/SOURCES.txt
/home/elt/ros2_ws_copy/install/ros_project/lib/python3.12/site-packages/ros_project-0.0.0-py3.12.egg-info/dependency_links.txt
/home/elt/ros2_ws_copy/install/ros_project/lib/python3.12/site-packages/ros_project-0.0.0-py3.12.egg-info/PKG-INFO
/home/elt/ros2_ws_copy/install/ros_project/lib/python3.12/site-packages/ros_project-0.0.0-py3.12.egg-info/top_level.txt
/home/elt/ros2_ws_copy/install/ros_project/lib/python3.12/site-packages/ros_project-0.0.0-py3.12.egg-info/zip-safe
